Using pre-set license
Built from '2020.2/staging' branch; Version is '2020.2.5f1 (e2c53f129de5) revision 14861631'; Using compiler version '192528614'; Build Type 'Release'
OS: 'Windows 10 Pro; OS build 19041.867; Version 2004; 64bit' Language: 'en' Physical Memory: 32716 MB
BatchMode: 1, IsHumanControllingUs: 0, StartBugReporterOnCrash: 0, Is64bit: 1, IsPro: 0

 COMMAND LINE ARGUMENTS:
F:\Unity\2020.2.5f1\Editor\Unity.exe
-adb2
-batchMode
-noUpm
-name
AssetImportWorker0
-projectPath
E:/repos/RTS/RTS
-logFile
Logs/AssetImportWorker0.log
-srvPort
58335
Successfully changed project path to: E:/repos/RTS/RTS
E:/repos/RTS/RTS
Using Asset Import Pipeline V2.
Refreshing native plugins compatible for Editor in 48.31 ms, found 0 plugins.
Preloading 0 native plugins for Editor in 0.00 ms.
Initialize engine version: 2020.2.5f1 (e2c53f129de5)
[Subsystems] Discovering subsystems at path F:/Unity/2020.2.5f1/Editor/Data/Resources/UnitySubsystems
[Subsystems] Discovering subsystems at path E:/repos/RTS/RTS/Assets
GfxDevice: creating device client; threaded=0
Direct3D:
    Version:  Direct3D 11.0 [level 11.1]
    Renderer: NVIDIA GeForce RTX 2070 SUPER (ID=0x1e84)
    Vendor:   
    VRAM:     8011 MB
    Driver:   27.21.14.6079
Initialize mono
Mono path[0] = 'F:/Unity/2020.2.5f1/Editor/Data/Managed'
Mono path[1] = 'F:/Unity/2020.2.5f1/Editor/Data/MonoBleedingEdge/lib/mono/unityjit'
Mono config path = 'F:/Unity/2020.2.5f1/Editor/Data/MonoBleedingEdge/etc'
Using monoOptions --debugger-agent=transport=dt_socket,embedding=1,server=y,suspend=n,address=127.0.0.1:56532
Begin MonoManager ReloadAssembly
Registering precompiled unity dll's ...
Register platform support module: F:/Unity/2020.2.5f1/Editor/Data/PlaybackEngines/WindowsStandaloneSupport/UnityEditor.WindowsStandalone.Extensions.dll
Registered in 0.001011 seconds.
Native extension for WindowsStandalone target not found
Refreshing native plugins compatible for Editor in 51.20 ms, found 0 plugins.
Preloading 0 native plugins for Editor in 0.00 ms.
Invoked RoslynAnalysisRunner static constructor.
RoslynAnalysisRunner will not be running.
RoslynAnalysisRunner has terminated.
Mono: successfully reloaded assembly
- Completed reload, in  0.895 seconds
Platform modules already initialized, skipping
Registering precompiled user dll's ...
Registered in 0.002478 seconds.
Begin MonoManager ReloadAssembly
Native extension for WindowsStandalone target not found
Refreshing native plugins compatible for Editor in 53.80 ms, found 0 plugins.
Preloading 0 native plugins for Editor in 0.00 ms.
Invoked RoslynAnalysisRunner static constructor.
RoslynAnalysisRunner will not be running.
RoslynAnalysisRunner has terminated.
Find all reader and writers took 141 milliseconds
Script Module: UnityEngine.UI.dll
Weave behaviours and messages took134 milliseconds
Find all reader and writers took 126 milliseconds
Script Module: Unity.RenderPipelines.Core.Runtime.dll
Weave behaviours and messages took125 milliseconds
Find all reader and writers took 124 milliseconds
Script Module: UnityEngine.TestRunner.dll
Weave behaviours and messages took55 milliseconds
Find all reader and writers took 123 milliseconds
Script Module: Unity.Mathematics.dll
Weave behaviours and messages took420 milliseconds
Find all reader and writers took 152 milliseconds
Script Module: Unity.InputSystem.dll
Weave behaviours and messages took412 milliseconds
Find all reader and writers took 129 milliseconds
Script Module: SimpleWebTransport.dll
Weave behaviours and messages took16 milliseconds
Find all reader and writers took 122 milliseconds
Script Module: Mirror.Examples.dll
[Projectile] NetworkBehaviourProcessor
[Tank] NetworkBehaviourProcessor
[NetworkRoomPlayer] NetworkBehaviourProcessor
[NetworkRoomPlayerExt] NetworkBehaviourProcessor
[PlayerController] NetworkBehaviourProcessor
[PlayerScore] NetworkBehaviourProcessor
[RandomColor] NetworkBehaviourProcessor
[Reward] NetworkBehaviourProcessor
[AddForce] NetworkBehaviourProcessor
[Ball] NetworkBehaviourProcessor
[Player] NetworkBehaviourProcessor
[MatchController] NetworkBehaviourProcessor
[PhysicsCollision] NetworkBehaviourProcessor
[PlayerController] NetworkBehaviourProcessor
[PlayerScore] NetworkBehaviourProcessor
[RandomColor] NetworkBehaviourProcessor
[Reward] NetworkBehaviourProcessor
[Player] NetworkBehaviourProcessor
[MonsterMovement] NetworkBehaviourProcessor
[PlayerMovement] NetworkBehaviourProcessor
[Player] NetworkBehaviourProcessor
[PlayerController] NetworkBehaviourProcessor
[RandomColor] NetworkBehaviourProcessor
[ShootingTankBehaviour] NetworkBehaviourProcessor
Weave behaviours and messages took55 milliseconds
  ProcessSitesModule Mirror.Examples.dll elapsed time:00:00:00.0100091
Find all reader and writers took 141 milliseconds
Script Module: Unity.RenderPipelines.Universal.Runtime.dll
Weave behaviours and messages took117 milliseconds
Find all reader and writers took 114 milliseconds
Script Module: Mirror.Components.dll
[NetworkAnimator] NetworkBehaviourProcessor
[NetworkRoomPlayer] NetworkBehaviourProcessor
[NetworkLobbyPlayer] NetworkBehaviourProcessor
[NetworkVisibility] NetworkBehaviourProcessor
[NetworkVisibility] Found NetworkBehaviour Mirror.NetworkVisibility
[NetworkVisibility] Process Start
[NetworkVisibility]   GenerateSerialization
[NetworkVisibility]   GenerateDeSerialization
[NetworkVisibility] Process Done
[NetworkMatchChecker] NetworkBehaviourProcessor
[NetworkVisibility] NetworkBehaviourProcessor
[NetworkOwnerChecker] NetworkBehaviourProcessor
[NetworkVisibility] NetworkBehaviourProcessor
[NetworkProximityChecker] NetworkBehaviourProcessor
[NetworkRoomPlayer] NetworkBehaviourProcessor
[NetworkVisibility] NetworkBehaviourProcessor
[NetworkSceneChecker] NetworkBehaviourProcessor
[NetworkTransformBase] NetworkBehaviourProcessor
[NetworkTransform] NetworkBehaviourProcessor
[NetworkTransformBase] NetworkBehaviourProcessor
[NetworkTransformBase] NetworkBehaviourProcessor
[NetworkTransformChild] NetworkBehaviourProcessor
[NetworkLerpRigidbody] NetworkBehaviourProcessor
[NetworkRigidbody] NetworkBehaviourProcessor
[NetworkRigidbody2D] NetworkBehaviourProcessor
[NetworkTransformBase] NetworkBehaviourProcessor
[NetworkTransform] NetworkBehaviourProcessor
[NetworkTransformBase] NetworkBehaviourProcessor
[NetworkTransformBase] NetworkBehaviourProcessor
[NetworkTransformChild] NetworkBehaviourProcessor
Weave behaviours and messages took54 milliseconds
  ProcessSitesModule Mirror.Components.dll elapsed time:00:00:00.0020020
Find all reader and writers took 157 milliseconds
Script Module: Unity.TextMeshPro.dll
Weave behaviours and messages took178 milliseconds
Find all reader and writers took 111 milliseconds
Script Module: Unity.ProBuilder.Poly2Tri.dll
Weave behaviours and messages took15 milliseconds
Find all reader and writers took 145 milliseconds
Script Module: Cinemachine.dll
Weave behaviours and messages took108 milliseconds
Find all reader and writers took 137 milliseconds
Script Module: Unity.ProBuilder.dll
Weave behaviours and messages took151 milliseconds
Find all reader and writers took 105 milliseconds
Script Module: Telepathy.dll
Weave behaviours and messages took5 milliseconds
Find all reader and writers took 119 milliseconds
Script Module: Unity.ProGrids.dll
Weave behaviours and messages took0 milliseconds
Find all reader and writers took 118 milliseconds
Script Module: Unity.ProBuilder.Csg.dll
Weave behaviours and messages took7 milliseconds
Find all reader and writers took 120 milliseconds
Script Module: Mirror.Cloud.dll
Weave behaviours and messages took6 milliseconds
Find all reader and writers took 106 milliseconds
Script Module: kcp2k.dll
Weave behaviours and messages took9 milliseconds
Find all reader and writers took 116 milliseconds
Script Module: Mirror.Examples.Cloud.GUI.dll
Weave behaviours and messages took5 milliseconds
Find all reader and writers took 118 milliseconds
Script Module: Mirror.Examples.Cloud.Pong.dll
[Ball] NetworkBehaviourProcessor
[BallManager] NetworkBehaviourProcessor
[Player] NetworkBehaviourProcessor
Weave behaviours and messages took3 milliseconds
  ProcessSitesModule Mirror.Examples.Cloud.Pong.dll elapsed time:00:00:00
Find all reader and writers took 106 milliseconds
Script Module: Unity.ProBuilder.KdTree.dll
Weave behaviours and messages took10 milliseconds
Find all reader and writers took 109 milliseconds
Script Module: Unity.RenderPipelines.Core.ShaderLibrary.dll
Weave behaviours and messages took0 milliseconds
Find all reader and writers took 107 milliseconds
Script Module: Unity.RenderPipeline.Universal.ShaderLibrary.dll
Weave behaviours and messages took0 milliseconds
Find all reader and writers took 116 milliseconds
Script Module: Mirror.Authenticators.dll
Weave behaviours and messages took4 milliseconds
  ProcessSitesModule Mirror.Authenticators.dll elapsed time:00:00:00.0010011
Find all reader and writers took 108 milliseconds
Script Module: Unity.ProBuilder.Stl.dll
Weave behaviours and messages took3 milliseconds
Find all reader and writers took 112 milliseconds
Script Module: Unity.RenderPipelines.Universal.Shaders.dll
Weave behaviours and messages took0 milliseconds
Find all reader and writers took 114 milliseconds
Script Module: Unity.RenderPipelines.ShaderGraph.ShaderGraphLibrary.dll
Weave behaviours and messages took0 milliseconds
Find all reader and writers took 147 milliseconds
Script Module: com.unity.cinemachine.editor.dll
Weave behaviours and messages took79 milliseconds
Find all reader and writers took 147 milliseconds
Script Module: UnityEditor.TestRunner.dll
Weave behaviours and messages took76 milliseconds
Find all reader and writers took 144 milliseconds
Script Module: Unity.ProBuilder.AssetIdRemapUtility.dll
Weave behaviours and messages took10 milliseconds
Find all reader and writers took 110 milliseconds
Script Module: Mirror.CompilerSymbols.dll
Weave behaviours and messages took0 milliseconds
Find all reader and writers took 140 milliseconds
Script Module: UnityEditor.UI.dll
Weave behaviours and messages took24 milliseconds
Find all reader and writers took 108 milliseconds
Script Module: Unity.ShaderGraph.Utilities.dll
Weave behaviours and messages took0 milliseconds
Mono: successfully reloaded assembly
- Completed reload, in 14.198 seconds
Platform modules already initialized, skipping
========================================================================
Worker process is ready to serve import requests
Shader 'Universal Render Pipeline/Particles/Lit': fallback shader 'Universal Render Pipeline/Particles/SimpleLit' not found
Shader 'Universal Render Pipeline/Particles/Lit': fallback shader 'Universal Render Pipeline/Particles/SimpleLit' not found
Launched and connected shader compiler UnityShaderCompiler.exe after 0.04 seconds
Refreshing native plugins compatible for Editor in 0.61 ms, found 0 plugins.
Preloading 0 native plugins for Editor in 0.00 ms.
Unloading 3026 Unused Serialized files (Serialized files now loaded: 0)
System memory in use before: 137.9 MB.
System memory in use after: 135.7 MB.

Unloading 160 unused Assets to reduce memory usage. Loaded Objects now: 3420.
Total: 4.986000 ms (FindLiveObjects: 0.351000 ms CreateObjectMapping: 0.087400 ms MarkObjects: 3.238200 ms  DeleteObjects: 1.308400 ms)

========================================================================
Received Import Request.
  path: Assets/ProBuilder Data/Default Material Palette.asset
  artifactKey: Guid(ff8c03a63ae92aa4789eb0b334718d28) Importer(815301076,1909f56bfc062723c751e8b465ee728b)
Start importing Assets/ProBuilder Data/Default Material Palette.asset using Guid(ff8c03a63ae92aa4789eb0b334718d28) Importer(815301076,1909f56bfc062723c751e8b465ee728b)  -> (artifact id: '904809e7283e091c465a2a6eb5ded22c') in 0.029505 seconds
  Import took 0.034037 seconds .

========================================================================
Received Import Request.
  Time since last request: 0.000219 seconds.
  path: Assets/ProBuilder Data
  artifactKey: Guid(46e4149cf4c7cb34caf4c6170f4ee021) Importer(815301076,1909f56bfc062723c751e8b465ee728b)
Start importing Assets/ProBuilder Data using Guid(46e4149cf4c7cb34caf4c6170f4ee021) Importer(815301076,1909f56bfc062723c751e8b465ee728b)  -> (artifact id: '93f467a59b22f1296b01be0be990c77a') in 0.005197 seconds
  Import took 0.009420 seconds .

========================================================================
Received Import Request.
  Time since last request: 0.137774 seconds.
  path: Assets/ProBuilder Data/Default Color Palette.asset
  artifactKey: Guid(abce3ff3aab447e4aa76dd1636e65c1f) Importer(815301076,1909f56bfc062723c751e8b465ee728b)
Start importing Assets/ProBuilder Data/Default Color Palette.asset using Guid(abce3ff3aab447e4aa76dd1636e65c1f) Importer(815301076,1909f56bfc062723c751e8b465ee728b)  -> (artifact id: 'f90d1a06fc4268dbe16ba2ae4a1d6a6e') in 0.007059 seconds
  Import took 0.011562 seconds .

========================================================================
Received Import Request.
  Time since last request: 225.922995 seconds.
  path: Assets/AssetPacks
  artifactKey: Guid(f019be3d26d8bb549b5cb6a31226c1cb) Importer(815301076,1909f56bfc062723c751e8b465ee728b)
Start importing Assets/AssetPacks using Guid(f019be3d26d8bb549b5cb6a31226c1cb) Importer(815301076,1909f56bfc062723c751e8b465ee728b)  -> (artifact id: 'bf15c123afcb7b6cf61d42cecc8a9ed8') in 0.005784 seconds
  Import took 0.010367 seconds .

========================================================================
Received Import Request.
  Time since last request: 713.233707 seconds.
  path: Assets/AssetPacks/ToonyTinyPeople
  artifactKey: Guid(8b6d0aca4c24ff94aa1a9bfbf6288d47) Importer(815301076,1909f56bfc062723c751e8b465ee728b)
Start importing Assets/AssetPacks/ToonyTinyPeople using Guid(8b6d0aca4c24ff94aa1a9bfbf6288d47) Importer(815301076,1909f56bfc062723c751e8b465ee728b)  -> (artifact id: 'a0f4631dc570a42bd15b8c9a96bfb807') in 0.006769 seconds
  Import took 0.011762 seconds .

========================================================================
Received Import Request.
  Time since last request: 3.014679 seconds.
  path: Assets/AssetPacks/ToonyTinyPeople/TT_RTS
  artifactKey: Guid(c5c3935e8f2a22942b0d537524b8c6b8) Importer(815301076,1909f56bfc062723c751e8b465ee728b)
Start importing Assets/AssetPacks/ToonyTinyPeople/TT_RTS using Guid(c5c3935e8f2a22942b0d537524b8c6b8) Importer(815301076,1909f56bfc062723c751e8b465ee728b)  -> (artifact id: '44222931ca910e2284324f4984eed6e9') in 0.006086 seconds
  Import took 0.010798 seconds .

========================================================================
Received Import Request.
  Time since last request: 0.507979 seconds.
  path: Assets/AssetPacks/ToonyTinyPeople/TT_RTS/TT_RTS_Standard
  artifactKey: Guid(c5567bad18e4edf4bb4f0d413b427416) Importer(815301076,1909f56bfc062723c751e8b465ee728b)
Start importing Assets/AssetPacks/ToonyTinyPeople/TT_RTS/TT_RTS_Standard using Guid(c5567bad18e4edf4bb4f0d413b427416) Importer(815301076,1909f56bfc062723c751e8b465ee728b)  -> (artifact id: '936cc457d38a120d253ebce09f0ac508') in 0.006122 seconds
  Import took 0.010657 seconds .

========================================================================
Received Import Request.
  Time since last request: 1.096802 seconds.
  path: Assets/AssetPacks/ToonyTinyPeople/TT_RTS/TT_RTS_Standard/sample_scene
  artifactKey: Guid(f14813595832e0a4e8ea33e67a8b34a3) Importer(815301076,1909f56bfc062723c751e8b465ee728b)
Start importing Assets/AssetPacks/ToonyTinyPeople/TT_RTS/TT_RTS_Standard/sample_scene using Guid(f14813595832e0a4e8ea33e67a8b34a3) Importer(815301076,1909f56bfc062723c751e8b465ee728b)  -> (artifact id: '9a7feb1b3bc77dbd0597b74622b34899') in 0.006415 seconds
  Import took 0.010947 seconds .

========================================================================
Received Import Request.
  Time since last request: 0.558291 seconds.
  path: Assets/AssetPacks/ToonyTinyPeople/TT_RTS/TT_RTS_Standard/models
  artifactKey: Guid(697e2217ddd47a34593d1d3787a79ed7) Importer(815301076,1909f56bfc062723c751e8b465ee728b)
Start importing Assets/AssetPacks/ToonyTinyPeople/TT_RTS/TT_RTS_Standard/models using Guid(697e2217ddd47a34593d1d3787a79ed7) Importer(815301076,1909f56bfc062723c751e8b465ee728b)  -> (artifact id: 'b66d278534b524938999924743efa83a') in 0.005919 seconds
  Import took 0.010476 seconds .

========================================================================
Received Import Request.
  Time since last request: 0.375470 seconds.
  path: Assets/AssetPacks/ToonyTinyPeople/TT_RTS/TT_RTS_Standard/prefabs
  artifactKey: Guid(e7b3a1e95309a5a4a9d6bf936e20ae8d) Importer(815301076,1909f56bfc062723c751e8b465ee728b)
Start importing Assets/AssetPacks/ToonyTinyPeople/TT_RTS/TT_RTS_Standard/prefabs using Guid(e7b3a1e95309a5a4a9d6bf936e20ae8d) Importer(815301076,1909f56bfc062723c751e8b465ee728b)  -> (artifact id: 'a2d1922bd582981490e869c61cdf662b') in 0.006618 seconds
  Import took 0.011508 seconds .

========================================================================
Received Import Request.
  Time since last request: 0.622515 seconds.
  path: Assets/AssetPacks/ToonyTinyPeople/TT_RTS/TT_RTS_Standard/prefabs/TT_Halberdier.prefab
  artifactKey: Guid(148322894bbd52e488116a8616dfbe4c) Importer(815301076,1909f56bfc062723c751e8b465ee728b)
Start importing Assets/AssetPacks/ToonyTinyPeople/TT_RTS/TT_RTS_Standard/prefabs/TT_Halberdier.prefab using Guid(148322894bbd52e488116a8616dfbe4c) Importer(815301076,1909f56bfc062723c751e8b465ee728b)  -> (artifact id: 'eb2ee5230310379f6ef8c2a10755463e') in 0.222330 seconds
  Import took 0.230255 seconds .

========================================================================
Received Import Request.
  Time since last request: 0.000240 seconds.
  path: Assets/AssetPacks/ToonyTinyPeople/TT_RTS/TT_RTS_Standard/prefabs/TT_Swordman.prefab
  artifactKey: Guid(bcc60fdbd3a37b44cbc0cb99db483477) Importer(815301076,1909f56bfc062723c751e8b465ee728b)
Start importing Assets/AssetPacks/ToonyTinyPeople/TT_RTS/TT_RTS_Standard/prefabs/TT_Swordman.prefab using Guid(bcc60fdbd3a37b44cbc0cb99db483477) Importer(815301076,1909f56bfc062723c751e8b465ee728b)  -> (artifact id: '30e30230ac4474092b942f94ccb9ed5c') in 0.039820 seconds
  Import took 0.047631 seconds .

========================================================================
Received Import Request.
  Time since last request: 0.074949 seconds.
  path: Assets/AssetPacks/ToonyTinyPeople/TT_RTS/TT_RTS_Standard/prefabs/TT_Mounted_King.prefab
  artifactKey: Guid(a36479667d1b0f74bbd661b17c3f9476) Importer(815301076,1909f56bfc062723c751e8b465ee728b)
Start importing Assets/AssetPacks/ToonyTinyPeople/TT_RTS/TT_RTS_Standard/prefabs/TT_Mounted_King.prefab using Guid(a36479667d1b0f74bbd661b17c3f9476) Importer(815301076,1909f56bfc062723c751e8b465ee728b)  -> (artifact id: '4ddfcc90673f1a8a12c7c5be7e024762') in 0.040427 seconds
  Import took 0.048920 seconds .

========================================================================
Received Import Request.
  Time since last request: 0.056315 seconds.
  path: Assets/AssetPacks/ToonyTinyPeople/TT_RTS/TT_RTS_Standard/prefabs/TT_Mounted_Scout.prefab
  artifactKey: Guid(3444512bc6a211a4fbc66458b13748ed) Importer(815301076,1909f56bfc062723c751e8b465ee728b)
Start importing Assets/AssetPacks/ToonyTinyPeople/TT_RTS/TT_RTS_Standard/prefabs/TT_Mounted_Scout.prefab using Guid(3444512bc6a211a4fbc66458b13748ed) Importer(815301076,1909f56bfc062723c751e8b465ee728b)  -> (artifact id: 'b294d3dd4bf70c6c828e371e64f7cc62') in 0.039584 seconds
  Import took 0.047813 seconds .

========================================================================
Received Import Request.
  Time since last request: 0.074181 seconds.
  path: Assets/AssetPacks/ToonyTinyPeople/TT_RTS/TT_RTS_Standard/prefabs/TT_Archer.prefab
  artifactKey: Guid(04c79b5f6e9ebab48af48fdcf7b6d570) Importer(815301076,1909f56bfc062723c751e8b465ee728b)
Start importing Assets/AssetPacks/ToonyTinyPeople/TT_RTS/TT_RTS_Standard/prefabs/TT_Archer.prefab using Guid(04c79b5f6e9ebab48af48fdcf7b6d570) Importer(815301076,1909f56bfc062723c751e8b465ee728b)  -> (artifact id: '327fa818ee9e9df4c1ad7d09df9bac61') in 0.035742 seconds
  Import took 0.043356 seconds .

========================================================================
Received Import Request.
  Time since last request: 0.062437 seconds.
  path: Assets/AssetPacks/ToonyTinyPeople/TT_RTS/TT_RTS_Standard/prefabs/TT_Light_Infantry.prefab
  artifactKey: Guid(46628851bff3fa341a13534728534ea3) Importer(815301076,1909f56bfc062723c751e8b465ee728b)
Start importing Assets/AssetPacks/ToonyTinyPeople/TT_RTS/TT_RTS_Standard/prefabs/TT_Light_Infantry.prefab using Guid(46628851bff3fa341a13534728534ea3) Importer(815301076,1909f56bfc062723c751e8b465ee728b)  -> (artifact id: 'a2c319c9c0d6d25486e2b01995bdd580') in 0.037025 seconds
  Import took 0.045240 seconds .

========================================================================
Received Import Request.
  Time since last request: 0.082412 seconds.
  path: Assets/AssetPacks/ToonyTinyPeople/TT_RTS/TT_RTS_Standard/prefabs/TT_Peasant.prefab
  artifactKey: Guid(53eb1e18130e9be4387a785b482187e1) Importer(815301076,1909f56bfc062723c751e8b465ee728b)
Start importing Assets/AssetPacks/ToonyTinyPeople/TT_RTS/TT_RTS_Standard/prefabs/TT_Peasant.prefab using Guid(53eb1e18130e9be4387a785b482187e1) Importer(815301076,1909f56bfc062723c751e8b465ee728b)  -> (artifact id: 'cf8604e81a9fcdec57d4e75e9a4960b8') in 0.035506 seconds
  Import took 0.043281 seconds .

========================================================================
Received Import Request.
  Time since last request: 0.079838 seconds.
  path: Assets/AssetPacks/ToonyTinyPeople/TT_RTS/TT_RTS_Standard/prefabs/TT_HighPriest.prefab
  artifactKey: Guid(5f6ee5df488746f4ca1b939fbaac29e2) Importer(815301076,1909f56bfc062723c751e8b465ee728b)
Start importing Assets/AssetPacks/ToonyTinyPeople/TT_RTS/TT_RTS_Standard/prefabs/TT_HighPriest.prefab using Guid(5f6ee5df488746f4ca1b939fbaac29e2) Importer(815301076,1909f56bfc062723c751e8b465ee728b)  -> (artifact id: '7704e0fc564c356841ba512d33deaa07') in 0.035096 seconds
  Import took 0.043082 seconds .

========================================================================
Received Import Request.
  Time since last request: 0.072065 seconds.
  path: Assets/AssetPacks/ToonyTinyPeople/TT_RTS/TT_RTS_Standard/prefabs/TT_Crossbowman.prefab
  artifactKey: Guid(e93eced9cc2d545428e4a4b45713048d) Importer(815301076,1909f56bfc062723c751e8b465ee728b)
Start importing Assets/AssetPacks/ToonyTinyPeople/TT_RTS/TT_RTS_Standard/prefabs/TT_Crossbowman.prefab using Guid(e93eced9cc2d545428e4a4b45713048d) Importer(815301076,1909f56bfc062723c751e8b465ee728b)  -> (artifact id: 'edacf90e98801055c29020eb03e169e4') in 0.035895 seconds
  Import took 0.043754 seconds .

========================================================================
Received Import Request.
  Time since last request: 0.068834 seconds.
  path: Assets/AssetPacks/ToonyTinyPeople/TT_RTS/TT_RTS_Standard/prefabs/TT_Mage.prefab
  artifactKey: Guid(1854a3b64b66724429ff0b04e0891fc1) Importer(815301076,1909f56bfc062723c751e8b465ee728b)
Start importing Assets/AssetPacks/ToonyTinyPeople/TT_RTS/TT_RTS_Standard/prefabs/TT_Mage.prefab using Guid(1854a3b64b66724429ff0b04e0891fc1) Importer(815301076,1909f56bfc062723c751e8b465ee728b)  -> (artifact id: '22828bf0ec19cbd3f1b4417cac9c9ec8') in 0.034359 seconds
  Import took 0.042239 seconds .

========================================================================
Received Import Request.
  Time since last request: 0.111459 seconds.
  path: Assets/AssetPacks/ToonyTinyPeople/TT_RTS/TT_RTS_Standard/prefabs/TT_Spearman.prefab
  artifactKey: Guid(0755a95e2e1b5f44e8226989fb76f2cf) Importer(815301076,1909f56bfc062723c751e8b465ee728b)
Start importing Assets/AssetPacks/ToonyTinyPeople/TT_RTS/TT_RTS_Standard/prefabs/TT_Spearman.prefab using Guid(0755a95e2e1b5f44e8226989fb76f2cf) Importer(815301076,1909f56bfc062723c751e8b465ee728b)  -> (artifact id: 'adcaa1692a19994dfa8bb233b82a28d9') in 0.035187 seconds
  Import took 0.042854 seconds .

========================================================================
Received Import Request.
  Time since last request: 0.100956 seconds.
  path: Assets/AssetPacks/ToonyTinyPeople/TT_RTS/TT_RTS_Standard/prefabs/TT_Light_Cavalry.prefab
  artifactKey: Guid(4e3c7da5fb6ce5a47a0a7dbc18b843c6) Importer(815301076,1909f56bfc062723c751e8b465ee728b)
Start importing Assets/AssetPacks/ToonyTinyPeople/TT_RTS/TT_RTS_Standard/prefabs/TT_Light_Cavalry.prefab using Guid(4e3c7da5fb6ce5a47a0a7dbc18b843c6) Importer(815301076,1909f56bfc062723c751e8b465ee728b)  -> (artifact id: 'ae61cdf35db2d4b7cdcae8654b5001a5') in 0.037639 seconds
  Import took 0.045820 seconds .

========================================================================
Received Import Request.
  Time since last request: 0.061355 seconds.
  path: Assets/AssetPacks/ToonyTinyPeople/TT_RTS/TT_RTS_Standard/prefabs/TT_Heavy_Cavalry.prefab
  artifactKey: Guid(892bd1c95e4ec2f43a7e0a49c68f27f1) Importer(815301076,1909f56bfc062723c751e8b465ee728b)
Start importing Assets/AssetPacks/ToonyTinyPeople/TT_RTS/TT_RTS_Standard/prefabs/TT_Heavy_Cavalry.prefab using Guid(892bd1c95e4ec2f43a7e0a49c68f27f1) Importer(815301076,1909f56bfc062723c751e8b465ee728b)  -> (artifact id: '04fdb17dc54b826bbc1b7df815f97831') in 0.040301 seconds
  Import took 0.048511 seconds .

========================================================================
Received Import Request.
  Time since last request: 0.080842 seconds.
  path: Assets/AssetPacks/ToonyTinyPeople/TT_RTS/TT_RTS_Standard/prefabs/TT_Heavy_Infantry.prefab
  artifactKey: Guid(b4a1d0e6439682a4e958fb7c874ccb8c) Importer(815301076,1909f56bfc062723c751e8b465ee728b)
Start importing Assets/AssetPacks/ToonyTinyPeople/TT_RTS/TT_RTS_Standard/prefabs/TT_Heavy_Infantry.prefab using Guid(b4a1d0e6439682a4e958fb7c874ccb8c) Importer(815301076,1909f56bfc062723c751e8b465ee728b)  -> (artifact id: '2473e5fd25b5d3c2119a36586c4d095c') in 0.035365 seconds
  Import took 0.043245 seconds .

========================================================================
Received Import Request.
  Time since last request: 0.085677 seconds.
  path: Assets/AssetPacks/ToonyTinyPeople/TT_RTS/TT_RTS_Standard/prefabs/TT_Scout.prefab
  artifactKey: Guid(6652791f0d19f3b408a94277d330b59b) Importer(815301076,1909f56bfc062723c751e8b465ee728b)
Start importing Assets/AssetPacks/ToonyTinyPeople/TT_RTS/TT_RTS_Standard/prefabs/TT_Scout.prefab using Guid(6652791f0d19f3b408a94277d330b59b) Importer(815301076,1909f56bfc062723c751e8b465ee728b)  -> (artifact id: 'eb4bb2ccd1c9b64ffd187f68ba7e7ff4') in 0.035623 seconds
  Import took 0.043846 seconds .

========================================================================
Received Import Request.
  Time since last request: 0.067239 seconds.
  path: Assets/AssetPacks/ToonyTinyPeople/TT_RTS/TT_RTS_Standard/prefabs/TT_King.prefab
  artifactKey: Guid(3c54df43aea316143beec51be2902cac) Importer(815301076,1909f56bfc062723c751e8b465ee728b)
Start importing Assets/AssetPacks/ToonyTinyPeople/TT_RTS/TT_RTS_Standard/prefabs/TT_King.prefab using Guid(3c54df43aea316143beec51be2902cac) Importer(815301076,1909f56bfc062723c751e8b465ee728b)  -> (artifact id: '753118de29a9885f6fc1aa14df651771') in 0.038919 seconds
  Import took 0.047197 seconds .

========================================================================
Received Import Request.
  Time since last request: 0.069783 seconds.
  path: Assets/AssetPacks/ToonyTinyPeople/TT_RTS/TT_RTS_Standard/prefabs/TT_Mounted_Paladin.prefab
  artifactKey: Guid(3b5b8018d62c7fb43b2805cf19ffaff7) Importer(815301076,1909f56bfc062723c751e8b465ee728b)
Start importing Assets/AssetPacks/ToonyTinyPeople/TT_RTS/TT_RTS_Standard/prefabs/TT_Mounted_Paladin.prefab using Guid(3b5b8018d62c7fb43b2805cf19ffaff7) Importer(815301076,1909f56bfc062723c751e8b465ee728b)  -> (artifact id: 'db307f0887e7e2e997d31dd9a636cbfc') in 0.037632 seconds
  Import took 0.046316 seconds .

========================================================================
Received Import Request.
  Time since last request: 0.058015 seconds.
  path: Assets/AssetPacks/ToonyTinyPeople/TT_RTS/TT_RTS_Standard/prefabs/TT_HeavySwordman.prefab
  artifactKey: Guid(75925c365bd895145beefbc806717633) Importer(815301076,1909f56bfc062723c751e8b465ee728b)
Start importing Assets/AssetPacks/ToonyTinyPeople/TT_RTS/TT_RTS_Standard/prefabs/TT_HeavySwordman.prefab using Guid(75925c365bd895145beefbc806717633) Importer(815301076,1909f56bfc062723c751e8b465ee728b)  -> (artifact id: 'de38cee4a07c1abe622352f6ec1b5735') in 0.036263 seconds
  Import took 0.044463 seconds .

========================================================================
Received Import Request.
  Time since last request: 0.082932 seconds.
  path: Assets/AssetPacks/ToonyTinyPeople/TT_RTS/TT_RTS_Standard/prefabs/TT_Priest.prefab
  artifactKey: Guid(7b4e51ccca67b514d883b197e0f59efd) Importer(815301076,1909f56bfc062723c751e8b465ee728b)
Start importing Assets/AssetPacks/ToonyTinyPeople/TT_RTS/TT_RTS_Standard/prefabs/TT_Priest.prefab using Guid(7b4e51ccca67b514d883b197e0f59efd) Importer(815301076,1909f56bfc062723c751e8b465ee728b)  -> (artifact id: 'fe45aa8ca16b1db24065025d7710b453') in 0.036356 seconds
  Import took 0.044549 seconds .

========================================================================
Received Import Request.
  Time since last request: 0.065683 seconds.
  path: Assets/AssetPacks/ToonyTinyPeople/TT_RTS/TT_RTS_Standard/prefabs/TT_Commander.prefab
  artifactKey: Guid(a9733678a87478b4689672067b7718fb) Importer(815301076,1909f56bfc062723c751e8b465ee728b)
Start importing Assets/AssetPacks/ToonyTinyPeople/TT_RTS/TT_RTS_Standard/prefabs/TT_Commander.prefab using Guid(a9733678a87478b4689672067b7718fb) Importer(815301076,1909f56bfc062723c751e8b465ee728b)  -> (artifact id: 'fc346e7ea9139c6fc61f1ba2139371b0') in 0.036465 seconds
  Import took 0.044433 seconds .

========================================================================
Received Import Request.
  Time since last request: 0.092872 seconds.
  path: Assets/AssetPacks/ToonyTinyPeople/TT_RTS/TT_RTS_Standard/prefabs/TT_Mounted_Mage.prefab
  artifactKey: Guid(bc0e691c888319a4daf7fd1c112e7d03) Importer(815301076,1909f56bfc062723c751e8b465ee728b)
Start importing Assets/AssetPacks/ToonyTinyPeople/TT_RTS/TT_RTS_Standard/prefabs/TT_Mounted_Mage.prefab using Guid(bc0e691c888319a4daf7fd1c112e7d03) Importer(815301076,1909f56bfc062723c751e8b465ee728b)  -> (artifact id: '4b38132113ecddfde7237aa5581aecfe') in 0.039079 seconds
  Import took 0.047421 seconds .

========================================================================
Received Import Request.
  Time since last request: 0.072084 seconds.
  path: Assets/AssetPacks/ToonyTinyPeople/TT_RTS/TT_RTS_Standard/prefabs/TT_Paladin.prefab
  artifactKey: Guid(675bfa49ad0f04c47b900d8546860383) Importer(815301076,1909f56bfc062723c751e8b465ee728b)
Start importing Assets/AssetPacks/ToonyTinyPeople/TT_RTS/TT_RTS_Standard/prefabs/TT_Paladin.prefab using Guid(675bfa49ad0f04c47b900d8546860383) Importer(815301076,1909f56bfc062723c751e8b465ee728b)  -> (artifact id: '6081f0476bfeaf07a1d482a8fd03b126') in 0.035058 seconds
  Import took 0.043118 seconds .

========================================================================
Received Import Request.
  Time since last request: 0.056017 seconds.
  path: Assets/AssetPacks/ToonyTinyPeople/TT_RTS/TT_RTS_Standard/prefabs/TT_Knight.prefab
  artifactKey: Guid(511c566bd068dca4bb9794da5f53052a) Importer(815301076,1909f56bfc062723c751e8b465ee728b)
Start importing Assets/AssetPacks/ToonyTinyPeople/TT_RTS/TT_RTS_Standard/prefabs/TT_Knight.prefab using Guid(511c566bd068dca4bb9794da5f53052a) Importer(815301076,1909f56bfc062723c751e8b465ee728b)  -> (artifact id: '82288756fe477593a51f62dd5b0930a2') in 0.040438 seconds
  Import took 0.048690 seconds .

========================================================================
Received Import Request.
  Time since last request: 0.067798 seconds.
  path: Assets/AssetPacks/ToonyTinyPeople/TT_RTS/TT_RTS_Standard/prefabs/TT_Mounted_Priest.prefab
  artifactKey: Guid(9948d4669f9006844a963afb88d60afa) Importer(815301076,1909f56bfc062723c751e8b465ee728b)
Start importing Assets/AssetPacks/ToonyTinyPeople/TT_RTS/TT_RTS_Standard/prefabs/TT_Mounted_Priest.prefab using Guid(9948d4669f9006844a963afb88d60afa) Importer(815301076,1909f56bfc062723c751e8b465ee728b)  -> (artifact id: '0f3c8383b2256b24b36f10fd8c093dda') in 0.038432 seconds
  Import took 0.046714 seconds .

========================================================================
Received Import Request.
  Time since last request: 696.785945 seconds.
  path: Assets/AssetPacks/ToonyTinyPeople/TT_RTS/TT_RTS_Standard/prefabs/machines
  artifactKey: Guid(ddcab9dbc0bc7fa4a98875a3c9186203) Importer(815301076,1909f56bfc062723c751e8b465ee728b)
Start importing Assets/AssetPacks/ToonyTinyPeople/TT_RTS/TT_RTS_Standard/prefabs/machines using Guid(ddcab9dbc0bc7fa4a98875a3c9186203) Importer(815301076,1909f56bfc062723c751e8b465ee728b)  -> (artifact id: '3ce1a62b6cead0815822a40d981e9a93') in 0.006070 seconds
  Import took 0.011329 seconds .

========================================================================
Received Import Request.
  Time since last request: 0.323134 seconds.
  path: Assets/AssetPacks/ToonyTinyPeople/TT_RTS/TT_RTS_Standard/prefabs/machines/TT_Catapult_lvl3.prefab
  artifactKey: Guid(023f155a2d7c46043ae7d32761d3ac34) Importer(815301076,1909f56bfc062723c751e8b465ee728b)
Start importing Assets/AssetPacks/ToonyTinyPeople/TT_RTS/TT_RTS_Standard/prefabs/machines/TT_Catapult_lvl3.prefab using Guid(023f155a2d7c46043ae7d32761d3ac34) Importer(815301076,1909f56bfc062723c751e8b465ee728b)  -> (artifact id: '69af4f6dd584500a83e01224bd517474') in 0.020374 seconds
  Import took 0.025714 seconds .

========================================================================
Received Import Request.
  Time since last request: 0.000218 seconds.
  path: Assets/AssetPacks/ToonyTinyPeople/TT_RTS/TT_RTS_Standard/prefabs/machines/TT_Catapult_lvl2.prefab
  artifactKey: Guid(afd15f60f8674bc4894fc5c2056f342a) Importer(815301076,1909f56bfc062723c751e8b465ee728b)
Start importing Assets/AssetPacks/ToonyTinyPeople/TT_RTS/TT_RTS_Standard/prefabs/machines/TT_Catapult_lvl2.prefab using Guid(afd15f60f8674bc4894fc5c2056f342a) Importer(815301076,1909f56bfc062723c751e8b465ee728b)  -> (artifact id: 'ff6db4868b29b7acd0a0802fbaeb8e5c') in 0.018164 seconds
  Import took 0.023349 seconds .

========================================================================
Received Import Request.
  Time since last request: 0.102606 seconds.
  path: Assets/AssetPacks/ToonyTinyPeople/TT_RTS/TT_RTS_Standard/prefabs/machines/TT_Catapult_lvl1.prefab
  artifactKey: Guid(4aedbb62248b97c4595c639232cc8a56) Importer(815301076,1909f56bfc062723c751e8b465ee728b)
Start importing Assets/AssetPacks/ToonyTinyPeople/TT_RTS/TT_RTS_Standard/prefabs/machines/TT_Catapult_lvl1.prefab using Guid(4aedbb62248b97c4595c639232cc8a56) Importer(815301076,1909f56bfc062723c751e8b465ee728b)  -> (artifact id: '53d44d887d63c4f412bd7d9897f8391a') in 0.015966 seconds
  Import took 0.021146 seconds .

========================================================================
Received Import Request.
  Time since last request: 0.113553 seconds.
  path: Assets/AssetPacks/ToonyTinyPeople/TT_RTS/TT_RTS_Standard/prefabs/machines/TT_Ram_lvl3.prefab
  artifactKey: Guid(558f51ca135bfa6478eab4d08a1d7b8e) Importer(815301076,1909f56bfc062723c751e8b465ee728b)
Start importing Assets/AssetPacks/ToonyTinyPeople/TT_RTS/TT_RTS_Standard/prefabs/machines/TT_Ram_lvl3.prefab using Guid(558f51ca135bfa6478eab4d08a1d7b8e) Importer(815301076,1909f56bfc062723c751e8b465ee728b)  -> (artifact id: 'b24f6acddd9f2cc128db6c893d99a602') in 0.016786 seconds
  Import took 0.022002 seconds .

========================================================================
Received Import Request.
  Time since last request: 0.117301 seconds.
  path: Assets/AssetPacks/ToonyTinyPeople/TT_RTS/TT_RTS_Standard/prefabs/machines/TT_Ram_lvl2.prefab
  artifactKey: Guid(8059506e2f3b03f459e87520d4c9fb46) Importer(815301076,1909f56bfc062723c751e8b465ee728b)
Start importing Assets/AssetPacks/ToonyTinyPeople/TT_RTS/TT_RTS_Standard/prefabs/machines/TT_Ram_lvl2.prefab using Guid(8059506e2f3b03f459e87520d4c9fb46) Importer(815301076,1909f56bfc062723c751e8b465ee728b)  -> (artifact id: '5fbaca8a266065439f3def895d0907af') in 0.017688 seconds
  Import took 0.022902 seconds .

========================================================================
Received Import Request.
  Time since last request: 0.118588 seconds.
  path: Assets/AssetPacks/ToonyTinyPeople/TT_RTS/TT_RTS_Standard/prefabs/machines/TT_Ballista_lvl1.prefab
  artifactKey: Guid(cb3ed0d4df3e22a40ad0d4304752a928) Importer(815301076,1909f56bfc062723c751e8b465ee728b)
Start importing Assets/AssetPacks/ToonyTinyPeople/TT_RTS/TT_RTS_Standard/prefabs/machines/TT_Ballista_lvl1.prefab using Guid(cb3ed0d4df3e22a40ad0d4304752a928) Importer(815301076,1909f56bfc062723c751e8b465ee728b)  -> (artifact id: '72a9b7e4058cd906adcb3d99723f7f19') in 0.018164 seconds
  Import took 0.023421 seconds .

========================================================================
Received Import Request.
  Time since last request: 0.096668 seconds.
  path: Assets/AssetPacks/ToonyTinyPeople/TT_RTS/TT_RTS_Standard/prefabs/machines/TT_Ballista_lvl3.prefab
  artifactKey: Guid(be607792e9a197147bc0da34fc8a8309) Importer(815301076,1909f56bfc062723c751e8b465ee728b)
Start importing Assets/AssetPacks/ToonyTinyPeople/TT_RTS/TT_RTS_Standard/prefabs/machines/TT_Ballista_lvl3.prefab using Guid(be607792e9a197147bc0da34fc8a8309) Importer(815301076,1909f56bfc062723c751e8b465ee728b)  -> (artifact id: 'b57254a9f9afd215c88975b8598ce123') in 0.017762 seconds
  Import took 0.023065 seconds .

========================================================================
Received Import Request.
  Time since last request: 0.103392 seconds.
  path: Assets/AssetPacks/ToonyTinyPeople/TT_RTS/TT_RTS_Standard/prefabs/machines/TT_Ballista_lvl2.prefab
  artifactKey: Guid(be2c86bd3ccd77d41a4ead63802e98c6) Importer(815301076,1909f56bfc062723c751e8b465ee728b)
Start importing Assets/AssetPacks/ToonyTinyPeople/TT_RTS/TT_RTS_Standard/prefabs/machines/TT_Ballista_lvl2.prefab using Guid(be2c86bd3ccd77d41a4ead63802e98c6) Importer(815301076,1909f56bfc062723c751e8b465ee728b)  -> (artifact id: 'ffcec0f567b9952c1945c44aeec65dc2') in 0.017324 seconds
  Import took 0.022665 seconds .

========================================================================
Received Import Request.
  Time since last request: 0.084389 seconds.
  path: Assets/AssetPacks/ToonyTinyPeople/TT_RTS/TT_RTS_Standard/prefabs/machines/TT_Ram_lvl1.prefab
  artifactKey: Guid(0033db9d4d5bf454391a6284c0ce3920) Importer(815301076,1909f56bfc062723c751e8b465ee728b)
Start importing Assets/AssetPacks/ToonyTinyPeople/TT_RTS/TT_RTS_Standard/prefabs/machines/TT_Ram_lvl1.prefab using Guid(0033db9d4d5bf454391a6284c0ce3920) Importer(815301076,1909f56bfc062723c751e8b465ee728b)  -> (artifact id: '35124cc75d473efd913d5cee7234b90a') in 0.015797 seconds
  Import took 0.021037 seconds .

========================================================================
Received Import Request.
  Time since last request: 16.006522 seconds.
  path: Assets/AssetPacks/ToonyTinyPeople/TT_RTS/TT_RTS_Standard/models/buildings
  artifactKey: Guid(4b749db41af498e4e8de83af0fa39396) Importer(815301076,1909f56bfc062723c751e8b465ee728b)
Start importing Assets/AssetPacks/ToonyTinyPeople/TT_RTS/TT_RTS_Standard/models/buildings using Guid(4b749db41af498e4e8de83af0fa39396) Importer(815301076,1909f56bfc062723c751e8b465ee728b)  -> (artifact id: 'a7498abaf9c4862164f37286910ec676') in 0.005872 seconds
  Import took 0.010930 seconds .

========================================================================
Received Import Request.
  Time since last request: 0.710593 seconds.
  path: Assets/AssetPacks/ToonyTinyPeople/TT_RTS/TT_RTS_Standard/models/buildings/Archery.FBX
  artifactKey: Guid(7036859d28e2cb84c9948a1fcf49fe95) Importer(815301076,1909f56bfc062723c751e8b465ee728b)
Start importing Assets/AssetPacks/ToonyTinyPeople/TT_RTS/TT_RTS_Standard/models/buildings/Archery.FBX using Guid(7036859d28e2cb84c9948a1fcf49fe95) Importer(815301076,1909f56bfc062723c751e8b465ee728b)  -> (artifact id: '01c2697de55450b3e22967304d10ec94') in 0.242207 seconds
  Import took 0.247377 seconds .

========================================================================
Received Import Request.
  Time since last request: 0.000259 seconds.
  path: Assets/AssetPacks/ToonyTinyPeople/TT_RTS/TT_RTS_Standard/models/buildings/Wall_B_gate.FBX
  artifactKey: Guid(e9554c943e8d60643a12a6ee55c092e6) Importer(815301076,1909f56bfc062723c751e8b465ee728b)
Start importing Assets/AssetPacks/ToonyTinyPeople/TT_RTS/TT_RTS_Standard/models/buildings/Wall_B_gate.FBX using Guid(e9554c943e8d60643a12a6ee55c092e6) Importer(815301076,1909f56bfc062723c751e8b465ee728b)  -> (artifact id: '292c3a9e34514b8840c3f4cb261c8c02') in 0.030535 seconds
  Import took 0.035419 seconds .

========================================================================
Received Import Request.
  Time since last request: 0.093539 seconds.
  path: Assets/AssetPacks/ToonyTinyPeople/TT_RTS/TT_RTS_Standard/models/buildings/Farm.FBX
  artifactKey: Guid(520e20395d1150a4c94174228bde0499) Importer(815301076,1909f56bfc062723c751e8b465ee728b)
Start importing Assets/AssetPacks/ToonyTinyPeople/TT_RTS/TT_RTS_Standard/models/buildings/Farm.FBX using Guid(520e20395d1150a4c94174228bde0499) Importer(815301076,1909f56bfc062723c751e8b465ee728b)  -> (artifact id: 'fbd5bdddce09ec77f736a1169e90127b') in 0.021017 seconds
  Import took 0.026035 seconds .

========================================================================
Received Import Request.
  Time since last request: 0.061610 seconds.
  path: Assets/AssetPacks/ToonyTinyPeople/TT_RTS/TT_RTS_Standard/models/buildings/Wall_A_wall.FBX
  artifactKey: Guid(f46056aa6c238664bb6e0af30f681126) Importer(815301076,1909f56bfc062723c751e8b465ee728b)
Start importing Assets/AssetPacks/ToonyTinyPeople/TT_RTS/TT_RTS_Standard/models/buildings/Wall_A_wall.FBX using Guid(f46056aa6c238664bb6e0af30f681126) Importer(815301076,1909f56bfc062723c751e8b465ee728b)  -> (artifact id: 'd15ceabde64b73c059bf8a4f4539b6fd') in 0.019350 seconds
  Import took 0.024569 seconds .

========================================================================
Received Import Request.
  Time since last request: 0.113992 seconds.
  path: Assets/AssetPacks/ToonyTinyPeople/TT_RTS/TT_RTS_Standard/models/buildings/Tower_C.FBX
  artifactKey: Guid(c73c37430c8ac1e43831ddacfa77c180) Importer(815301076,1909f56bfc062723c751e8b465ee728b)
Start importing Assets/AssetPacks/ToonyTinyPeople/TT_RTS/TT_RTS_Standard/models/buildings/Tower_C.FBX using Guid(c73c37430c8ac1e43831ddacfa77c180) Importer(815301076,1909f56bfc062723c751e8b465ee728b)  -> (artifact id: 'e02258680d130287ad7fc21177e5527b') in 0.017569 seconds
  Import took 0.022610 seconds .

========================================================================
Received Import Request.
  Time since last request: 0.096434 seconds.
  path: Assets/AssetPacks/ToonyTinyPeople/TT_RTS/TT_RTS_Standard/models/buildings/Castle.FBX
  artifactKey: Guid(637b3bb1a53fd584b8b2f29eddb05290) Importer(815301076,1909f56bfc062723c751e8b465ee728b)
Start importing Assets/AssetPacks/ToonyTinyPeople/TT_RTS/TT_RTS_Standard/models/buildings/Castle.FBX using Guid(637b3bb1a53fd584b8b2f29eddb05290) Importer(815301076,1909f56bfc062723c751e8b465ee728b)  -> (artifact id: 'c6469272d70941284d704b16cc8b524d') in 0.019332 seconds
  Import took 0.024452 seconds .

========================================================================
Received Import Request.
  Time since last request: 0.132690 seconds.
  path: Assets/AssetPacks/ToonyTinyPeople/TT_RTS/TT_RTS_Standard/models/buildings/Wall_B_wall.FBX
  artifactKey: Guid(6dc5d495c37d65043b022964d98631b9) Importer(815301076,1909f56bfc062723c751e8b465ee728b)
Start importing Assets/AssetPacks/ToonyTinyPeople/TT_RTS/TT_RTS_Standard/models/buildings/Wall_B_wall.FBX using Guid(6dc5d495c37d65043b022964d98631b9) Importer(815301076,1909f56bfc062723c751e8b465ee728b)  -> (artifact id: '98e9fb036733018973c4b1c51060cfd3') in 0.017348 seconds
  Import took 0.022325 seconds .

========================================================================
Received Import Request.
  Time since last request: 0.109471 seconds.
  path: Assets/AssetPacks/ToonyTinyPeople/TT_RTS/TT_RTS_Standard/models/buildings/Granary.FBX
  artifactKey: Guid(aec20226064bbcc4d850e8da90e49a4b) Importer(815301076,1909f56bfc062723c751e8b465ee728b)
Start importing Assets/AssetPacks/ToonyTinyPeople/TT_RTS/TT_RTS_Standard/models/buildings/Granary.FBX using Guid(aec20226064bbcc4d850e8da90e49a4b) Importer(815301076,1909f56bfc062723c751e8b465ee728b)  -> (artifact id: '3eec6aec36253209b6c865bed68625ea') in 0.018830 seconds
  Import took 0.023867 seconds .

========================================================================
Received Import Request.
  Time since last request: 0.094347 seconds.
  path: Assets/AssetPacks/ToonyTinyPeople/TT_RTS/TT_RTS_Standard/models/buildings/Stables.FBX
  artifactKey: Guid(0c6eb60ad59a81145839dbc6dedcbc3f) Importer(815301076,1909f56bfc062723c751e8b465ee728b)
Start importing Assets/AssetPacks/ToonyTinyPeople/TT_RTS/TT_RTS_Standard/models/buildings/Stables.FBX using Guid(0c6eb60ad59a81145839dbc6dedcbc3f) Importer(815301076,1909f56bfc062723c751e8b465ee728b)  -> (artifact id: 'd7a836613917e487007cec709007e6aa') in 0.018816 seconds
  Import took 0.023906 seconds .

========================================================================
Received Import Request.
  Time since last request: 0.085228 seconds.
  path: Assets/AssetPacks/ToonyTinyPeople/TT_RTS/TT_RTS_Standard/models/buildings/Wall_B_corner.FBX
  artifactKey: Guid(8c11ae7c589e3f34d966c6d1fd721bea) Importer(815301076,1909f56bfc062723c751e8b465ee728b)
Start importing Assets/AssetPacks/ToonyTinyPeople/TT_RTS/TT_RTS_Standard/models/buildings/Wall_B_corner.FBX using Guid(8c11ae7c589e3f34d966c6d1fd721bea) Importer(815301076,1909f56bfc062723c751e8b465ee728b)  -> (artifact id: '625dde8d2df6f9972e4a13ed100f34a5') in 0.017694 seconds
  Import took 0.022889 seconds .

========================================================================
Received Import Request.
  Time since last request: 0.076500 seconds.
  path: Assets/AssetPacks/ToonyTinyPeople/TT_RTS/TT_RTS_Standard/models/buildings/Blacksmith.FBX
  artifactKey: Guid(a43f0d6131f84de40b182eb70bb23b87) Importer(815301076,1909f56bfc062723c751e8b465ee728b)
Start importing Assets/AssetPacks/ToonyTinyPeople/TT_RTS/TT_RTS_Standard/models/buildings/Blacksmith.FBX using Guid(a43f0d6131f84de40b182eb70bb23b87) Importer(815301076,1909f56bfc062723c751e8b465ee728b)  -> (artifact id: 'b385f09671daf4869cbae5a9c8edfdc3') in 0.019833 seconds
  Import took 0.025066 seconds .

========================================================================
Received Import Request.
  Time since last request: 0.082253 seconds.
  path: Assets/AssetPacks/ToonyTinyPeople/TT_RTS/TT_RTS_Standard/models/buildings/Tower_A.FBX
  artifactKey: Guid(5921e45280d702e44ad0fb582ac16d26) Importer(815301076,1909f56bfc062723c751e8b465ee728b)
Start importing Assets/AssetPacks/ToonyTinyPeople/TT_RTS/TT_RTS_Standard/models/buildings/Tower_A.FBX using Guid(5921e45280d702e44ad0fb582ac16d26) Importer(815301076,1909f56bfc062723c751e8b465ee728b)  -> (artifact id: 'f7ae2eefe63feec4f244d3c0751266f8') in 0.018635 seconds
  Import took 0.023600 seconds .

========================================================================
Received Import Request.
  Time since last request: 0.094607 seconds.
  path: Assets/AssetPacks/ToonyTinyPeople/TT_RTS/TT_RTS_Standard/models/buildings/House.FBX
  artifactKey: Guid(05035b78d90b21f43854dfe010ccd289) Importer(815301076,1909f56bfc062723c751e8b465ee728b)
Start importing Assets/AssetPacks/ToonyTinyPeople/TT_RTS/TT_RTS_Standard/models/buildings/House.FBX using Guid(05035b78d90b21f43854dfe010ccd289) Importer(815301076,1909f56bfc062723c751e8b465ee728b)  -> (artifact id: '0ffc9c91ab844638d10f0e95322755f5') in 0.017973 seconds
  Import took 0.023029 seconds .

========================================================================
Received Import Request.
  Time since last request: 0.108586 seconds.
  path: Assets/AssetPacks/ToonyTinyPeople/TT_RTS/TT_RTS_Standard/models/buildings/Temple.FBX
  artifactKey: Guid(9bf280570cf5dce45a29b84470a52c7e) Importer(815301076,1909f56bfc062723c751e8b465ee728b)
Start importing Assets/AssetPacks/ToonyTinyPeople/TT_RTS/TT_RTS_Standard/models/buildings/Temple.FBX using Guid(9bf280570cf5dce45a29b84470a52c7e) Importer(815301076,1909f56bfc062723c751e8b465ee728b)  -> (artifact id: '27747967d4336c040a6ec2aeab9dc557') in 0.019188 seconds
  Import took 0.024350 seconds .

========================================================================
Received Import Request.
  Time since last request: 0.112071 seconds.
  path: Assets/AssetPacks/ToonyTinyPeople/TT_RTS/TT_RTS_Standard/models/buildings/LumberMill.FBX
  artifactKey: Guid(06905b5e993435c4e9526f63c49622e3) Importer(815301076,1909f56bfc062723c751e8b465ee728b)
Start importing Assets/AssetPacks/ToonyTinyPeople/TT_RTS/TT_RTS_Standard/models/buildings/LumberMill.FBX using Guid(06905b5e993435c4e9526f63c49622e3) Importer(815301076,1909f56bfc062723c751e8b465ee728b)  -> (artifact id: '4ea102e9e1435d10b924bf9a021926a7') in 0.018185 seconds
  Import took 0.023303 seconds .

========================================================================
Received Import Request.
  Time since last request: 0.098654 seconds.
  path: Assets/AssetPacks/ToonyTinyPeople/TT_RTS/TT_RTS_Standard/models/buildings/Workshop.FBX
  artifactKey: Guid(5573396f6b8833f4dbd78bbb53d56df5) Importer(815301076,1909f56bfc062723c751e8b465ee728b)
Start importing Assets/AssetPacks/ToonyTinyPeople/TT_RTS/TT_RTS_Standard/models/buildings/Workshop.FBX using Guid(5573396f6b8833f4dbd78bbb53d56df5) Importer(815301076,1909f56bfc062723c751e8b465ee728b)  -> (artifact id: '965e5dd4a053a0c1fe90971d824dfe92') in 0.018485 seconds
  Import took 0.023755 seconds .

========================================================================
Received Import Request.
  Time since last request: 0.111130 seconds.
  path: Assets/AssetPacks/ToonyTinyPeople/TT_RTS/TT_RTS_Standard/models/buildings/Market.FBX
  artifactKey: Guid(e80371d003bd70d439af07f3facb22ea) Importer(815301076,1909f56bfc062723c751e8b465ee728b)
Start importing Assets/AssetPacks/ToonyTinyPeople/TT_RTS/TT_RTS_Standard/models/buildings/Market.FBX using Guid(e80371d003bd70d439af07f3facb22ea) Importer(815301076,1909f56bfc062723c751e8b465ee728b)  -> (artifact id: 'f2dea502c8438c6e406d236a78cf80f7') in 0.017684 seconds
  Import took 0.022987 seconds .

========================================================================
Received Import Request.
  Time since last request: 0.114458 seconds.
  path: Assets/AssetPacks/ToonyTinyPeople/TT_RTS/TT_RTS_Standard/models/buildings/Barracks.FBX
  artifactKey: Guid(e2f28d7d7478cb64597ebb9077abfe6e) Importer(815301076,1909f56bfc062723c751e8b465ee728b)
Start importing Assets/AssetPacks/ToonyTinyPeople/TT_RTS/TT_RTS_Standard/models/buildings/Barracks.FBX using Guid(e2f28d7d7478cb64597ebb9077abfe6e) Importer(815301076,1909f56bfc062723c751e8b465ee728b)  -> (artifact id: 'c51443400e3f908498c3a351b77c86bf') in 0.018115 seconds
  Import took 0.023139 seconds .

========================================================================
Received Import Request.
  Time since last request: 0.135569 seconds.
  path: Assets/AssetPacks/ToonyTinyPeople/TT_RTS/TT_RTS_Standard/models/buildings/TownHall.FBX
  artifactKey: Guid(c5f43a47e4b64c14da6e0081f639fdd3) Importer(815301076,1909f56bfc062723c751e8b465ee728b)
Start importing Assets/AssetPacks/ToonyTinyPeople/TT_RTS/TT_RTS_Standard/models/buildings/TownHall.FBX using Guid(c5f43a47e4b64c14da6e0081f639fdd3) Importer(815301076,1909f56bfc062723c751e8b465ee728b)  -> (artifact id: 'f2d12b6f99b719f5c9bb086302c016ef') in 0.018069 seconds
  Import took 0.023134 seconds .

========================================================================
Received Import Request.
  Time since last request: 0.109748 seconds.
  path: Assets/AssetPacks/ToonyTinyPeople/TT_RTS/TT_RTS_Standard/models/buildings/Wall_A_gate.FBX
  artifactKey: Guid(7ae56a8428b94f24b854dac395c7c925) Importer(815301076,1909f56bfc062723c751e8b465ee728b)
Start importing Assets/AssetPacks/ToonyTinyPeople/TT_RTS/TT_RTS_Standard/models/buildings/Wall_A_gate.FBX using Guid(7ae56a8428b94f24b854dac395c7c925) Importer(815301076,1909f56bfc062723c751e8b465ee728b)  -> (artifact id: 'c7e1a7b459a26fe4b8f16dbc78c4d246') in 0.030965 seconds
  Import took 0.036344 seconds .

========================================================================
Received Import Request.
  Time since last request: 0.382390 seconds.
  path: Assets/AssetPacks/ToonyTinyPeople/TT_RTS/TT_RTS_Standard/prefabs/banners/TT_Banner_Green_A.prefab
  artifactKey: Guid(c36b077c2cf09234c976039d3d37a55d) Importer(815301076,1909f56bfc062723c751e8b465ee728b)
Start importing Assets/AssetPacks/ToonyTinyPeople/TT_RTS/TT_RTS_Standard/prefabs/banners/TT_Banner_Green_A.prefab using Guid(c36b077c2cf09234c976039d3d37a55d) Importer(815301076,1909f56bfc062723c751e8b465ee728b)  -> (artifact id: '1399c924fd0d700ff2b8c81e7fc49e25') in 0.016396 seconds
  Import took 0.021731 seconds .

========================================================================
Received Import Request.
  Time since last request: 0.079283 seconds.
  path: Assets/AssetPacks/ToonyTinyPeople/TT_RTS/TT_RTS_Standard/prefabs/banners/TT_Banner_Blue_A.prefab
  artifactKey: Guid(147fe68df44677a4c825999f9fcc6c5d) Importer(815301076,1909f56bfc062723c751e8b465ee728b)
Start importing Assets/AssetPacks/ToonyTinyPeople/TT_RTS/TT_RTS_Standard/prefabs/banners/TT_Banner_Blue_A.prefab using Guid(147fe68df44677a4c825999f9fcc6c5d) Importer(815301076,1909f56bfc062723c751e8b465ee728b)  -> (artifact id: '6d347994301e361dd78d64e715fc952a') in 0.017589 seconds
  Import took 0.023011 seconds .

========================================================================
Received Import Request.
  Time since last request: 0.108118 seconds.
  path: Assets/AssetPacks/ToonyTinyPeople/TT_RTS/TT_RTS_Standard/prefabs/banners/TT_Banner_Pink.prefab
  artifactKey: Guid(bbf3a916dbe7de041b4ae7bd9bd28138) Importer(815301076,1909f56bfc062723c751e8b465ee728b)
Start importing Assets/AssetPacks/ToonyTinyPeople/TT_RTS/TT_RTS_Standard/prefabs/banners/TT_Banner_Pink.prefab using Guid(bbf3a916dbe7de041b4ae7bd9bd28138) Importer(815301076,1909f56bfc062723c751e8b465ee728b)  -> (artifact id: 'ad9f1023ae0f414457385ef14dbe1863') in 0.016289 seconds
  Import took 0.022010 seconds .

========================================================================
Received Import Request.
  Time since last request: 0.112788 seconds.
  path: Assets/AssetPacks/ToonyTinyPeople/TT_RTS/TT_RTS_Standard/prefabs/banners/TT_Banner_Red.prefab
  artifactKey: Guid(043f4d37d3f983747877a12a3bbc6e62) Importer(815301076,1909f56bfc062723c751e8b465ee728b)
Start importing Assets/AssetPacks/ToonyTinyPeople/TT_RTS/TT_RTS_Standard/prefabs/banners/TT_Banner_Red.prefab using Guid(043f4d37d3f983747877a12a3bbc6e62) Importer(815301076,1909f56bfc062723c751e8b465ee728b)  -> (artifact id: '15e1cb98d1238c0761106e3b8883b2e7') in 0.017396 seconds
  Import took 0.022590 seconds .

========================================================================
Received Import Request.
  Time since last request: 0.110174 seconds.
  path: Assets/AssetPacks/ToonyTinyPeople/TT_RTS/TT_RTS_Standard/prefabs/banners/TT_Banner_Black.prefab
  artifactKey: Guid(7a70ea5d65d8d10468d993df2688b860) Importer(815301076,1909f56bfc062723c751e8b465ee728b)
Start importing Assets/AssetPacks/ToonyTinyPeople/TT_RTS/TT_RTS_Standard/prefabs/banners/TT_Banner_Black.prefab using Guid(7a70ea5d65d8d10468d993df2688b860) Importer(815301076,1909f56bfc062723c751e8b465ee728b)  -> (artifact id: '09d358b03800e88397314fd7462933e1') in 0.016139 seconds
  Import took 0.021555 seconds .

========================================================================
Received Import Request.
  Time since last request: 0.103911 seconds.
  path: Assets/AssetPacks/ToonyTinyPeople/TT_RTS/TT_RTS_Standard/prefabs/banners/TT_Banner_Purple.prefab
  artifactKey: Guid(7512cbf356fbecc4baf589b12c84b1d3) Importer(815301076,1909f56bfc062723c751e8b465ee728b)
Start importing Assets/AssetPacks/ToonyTinyPeople/TT_RTS/TT_RTS_Standard/prefabs/banners/TT_Banner_Purple.prefab using Guid(7512cbf356fbecc4baf589b12c84b1d3) Importer(815301076,1909f56bfc062723c751e8b465ee728b)  -> (artifact id: 'ece239fa078c71864da15539b2d403c2') in 0.016253 seconds
  Import took 0.021525 seconds .

========================================================================
Received Import Request.
  Time since last request: 0.104882 seconds.
  path: Assets/AssetPacks/ToonyTinyPeople/TT_RTS/TT_RTS_Standard/prefabs/banners/TT_Banner_Blue_B.prefab
  artifactKey: Guid(61cc4d6d2e984a2418a95086ff3286d2) Importer(815301076,1909f56bfc062723c751e8b465ee728b)
Start importing Assets/AssetPacks/ToonyTinyPeople/TT_RTS/TT_RTS_Standard/prefabs/banners/TT_Banner_Blue_B.prefab using Guid(61cc4d6d2e984a2418a95086ff3286d2) Importer(815301076,1909f56bfc062723c751e8b465ee728b)  -> (artifact id: '811e25b0a9d73207304b059e541bb7bc') in 0.017109 seconds
  Import took 0.022338 seconds .

========================================================================
Received Import Request.
  Time since last request: 0.171299 seconds.
  path: Assets/AssetPacks/ToonyTinyPeople/TT_RTS/TT_RTS_Standard/prefabs/banners/TT_Banner_Yellow.prefab
  artifactKey: Guid(f660695d5c7b90a47aea5ad9e5f25408) Importer(815301076,1909f56bfc062723c751e8b465ee728b)
Start importing Assets/AssetPacks/ToonyTinyPeople/TT_RTS/TT_RTS_Standard/prefabs/banners/TT_Banner_Yellow.prefab using Guid(f660695d5c7b90a47aea5ad9e5f25408) Importer(815301076,1909f56bfc062723c751e8b465ee728b)  -> (artifact id: 'f01fe1a54f1a0911723152cfdd9bd134') in 0.016382 seconds
  Import took 0.021615 seconds .

========================================================================
Received Import Request.
  Time since last request: 0.139624 seconds.
  path: Assets/AssetPacks/ToonyTinyPeople/TT_RTS/TT_RTS_Standard/prefabs/banners/TT_Banner_White.prefab
  artifactKey: Guid(9f3b14bf96e8b5244bf2f3da9fe641e5) Importer(815301076,1909f56bfc062723c751e8b465ee728b)
Start importing Assets/AssetPacks/ToonyTinyPeople/TT_RTS/TT_RTS_Standard/prefabs/banners/TT_Banner_White.prefab using Guid(9f3b14bf96e8b5244bf2f3da9fe641e5) Importer(815301076,1909f56bfc062723c751e8b465ee728b)  -> (artifact id: '95c4b2665693ff631f1ed1c656581443') in 0.017188 seconds
  Import took 0.022415 seconds .

========================================================================
Received Import Request.
  Time since last request: 0.079532 seconds.
  path: Assets/AssetPacks/ToonyTinyPeople/TT_RTS/TT_RTS_Standard/prefabs/banners/TT_Banner_Green_B.prefab
  artifactKey: Guid(f0c1ea21d09164b48a3819415631e4bd) Importer(815301076,1909f56bfc062723c751e8b465ee728b)
Start importing Assets/AssetPacks/ToonyTinyPeople/TT_RTS/TT_RTS_Standard/prefabs/banners/TT_Banner_Green_B.prefab using Guid(f0c1ea21d09164b48a3819415631e4bd) Importer(815301076,1909f56bfc062723c751e8b465ee728b)  -> (artifact id: '89d73adae917666ff5f9887c0d79252f') in 0.017852 seconds
  Import took 0.022991 seconds .

========================================================================
Received Import Request.
  Time since last request: 0.112941 seconds.
  path: Assets/AssetPacks/ToonyTinyPeople/TT_RTS/TT_RTS_Standard/prefabs/banners/TT_Banner_Brown.prefab
  artifactKey: Guid(b04564cd473acfe45af3605854e3dcd5) Importer(815301076,1909f56bfc062723c751e8b465ee728b)
Start importing Assets/AssetPacks/ToonyTinyPeople/TT_RTS/TT_RTS_Standard/prefabs/banners/TT_Banner_Brown.prefab using Guid(b04564cd473acfe45af3605854e3dcd5) Importer(815301076,1909f56bfc062723c751e8b465ee728b)  -> (artifact id: '4b48d344ea391e2f53fa00e5e4e4e415') in 0.016210 seconds
  Import took 0.021442 seconds .

========================================================================
Received Import Request.
  Time since last request: 0.111942 seconds.
  path: Assets/AssetPacks/ToonyTinyPeople/TT_RTS/TT_RTS_Standard/models/buildings/Library.FBX
  artifactKey: Guid(a219455911288e84da9a9c5f55fd95c6) Importer(815301076,1909f56bfc062723c751e8b465ee728b)
Start importing Assets/AssetPacks/ToonyTinyPeople/TT_RTS/TT_RTS_Standard/models/buildings/Library.FBX using Guid(a219455911288e84da9a9c5f55fd95c6) Importer(815301076,1909f56bfc062723c751e8b465ee728b)  -> (artifact id: '2ad7e1d1f13c2252a789c64f8d6113f1') in 0.017587 seconds
  Import took 0.022592 seconds .

========================================================================
Received Import Request.
  Time since last request: 0.076436 seconds.
  path: Assets/AssetPacks/ToonyTinyPeople/TT_RTS/TT_RTS_Standard/models/buildings/MageTower.FBX
  artifactKey: Guid(fc4ed9ef41f9dc944af60388921a8746) Importer(815301076,1909f56bfc062723c751e8b465ee728b)
Start importing Assets/AssetPacks/ToonyTinyPeople/TT_RTS/TT_RTS_Standard/models/buildings/MageTower.FBX using Guid(fc4ed9ef41f9dc944af60388921a8746) Importer(815301076,1909f56bfc062723c751e8b465ee728b)  -> (artifact id: 'a0d5e0fae1e3ae4dff72d742264f120b') in 0.019330 seconds
  Import took 0.024815 seconds .

========================================================================
Received Import Request.
  Time since last request: 0.107287 seconds.
  path: Assets/AssetPacks/ToonyTinyPeople/TT_RTS/TT_RTS_Standard/models/buildings/Wall_B_1x1.FBX
  artifactKey: Guid(1bff8eeac62bd944c9d12ef7cccc745d) Importer(815301076,1909f56bfc062723c751e8b465ee728b)
Start importing Assets/AssetPacks/ToonyTinyPeople/TT_RTS/TT_RTS_Standard/models/buildings/Wall_B_1x1.FBX using Guid(1bff8eeac62bd944c9d12ef7cccc745d) Importer(815301076,1909f56bfc062723c751e8b465ee728b)  -> (artifact id: '09ea4d034b2777047b05fb54ac4f9b4f') in 0.018820 seconds
  Import took 0.024121 seconds .

========================================================================
Received Import Request.
  Time since last request: 0.124981 seconds.
  path: Assets/AssetPacks/ToonyTinyPeople/TT_RTS/TT_RTS_Standard/models/buildings/Tower_B.FBX
  artifactKey: Guid(f38b9a56b23e4df499eaede1c2276296) Importer(815301076,1909f56bfc062723c751e8b465ee728b)
Start importing Assets/AssetPacks/ToonyTinyPeople/TT_RTS/TT_RTS_Standard/models/buildings/Tower_B.FBX using Guid(f38b9a56b23e4df499eaede1c2276296) Importer(815301076,1909f56bfc062723c751e8b465ee728b)  -> (artifact id: 'eac68e5a76dbef539500d1c1e25f2076') in 0.017595 seconds
  Import took 0.022649 seconds .

========================================================================
Received Import Request.
  Time since last request: 0.093094 seconds.
  path: Assets/AssetPacks/ToonyTinyPeople/TT_RTS/TT_RTS_Standard/models/buildings/Wall_A_1x1.FBX
  artifactKey: Guid(38f7e2d8e36aee34ea1626e31c1db895) Importer(815301076,1909f56bfc062723c751e8b465ee728b)
Start importing Assets/AssetPacks/ToonyTinyPeople/TT_RTS/TT_RTS_Standard/models/buildings/Wall_A_1x1.FBX using Guid(38f7e2d8e36aee34ea1626e31c1db895) Importer(815301076,1909f56bfc062723c751e8b465ee728b)  -> (artifact id: '94eb7c8dfcf0068303a9990992a6ae58') in 0.018000 seconds
  Import took 0.023487 seconds .

========================================================================
Received Import Request.
  Time since last request: 0.095330 seconds.
  path: Assets/AssetPacks/ToonyTinyPeople/TT_RTS/TT_RTS_Standard/models/buildings/Keep.FBX
  artifactKey: Guid(003306f67c7bed24b8be307fb52fb0ab) Importer(815301076,1909f56bfc062723c751e8b465ee728b)
Start importing Assets/AssetPacks/ToonyTinyPeople/TT_RTS/TT_RTS_Standard/models/buildings/Keep.FBX using Guid(003306f67c7bed24b8be307fb52fb0ab) Importer(815301076,1909f56bfc062723c751e8b465ee728b)  -> (artifact id: 'b7db431793bd77707b33086f009a3c99') in 0.018335 seconds
  Import took 0.023410 seconds .

========================================================================
Received Import Request.
  Time since last request: 0.139148 seconds.
  path: Assets/AssetPacks/ToonyTinyPeople/TT_RTS/TT_RTS_Standard/models/buildings/Wall_A_corner.FBX
  artifactKey: Guid(cba5dcbe606db5c489d9a7269c56598a) Importer(815301076,1909f56bfc062723c751e8b465ee728b)
Start importing Assets/AssetPacks/ToonyTinyPeople/TT_RTS/TT_RTS_Standard/models/buildings/Wall_A_corner.FBX using Guid(cba5dcbe606db5c489d9a7269c56598a) Importer(815301076,1909f56bfc062723c751e8b465ee728b)  -> (artifact id: 'c878a60024c5961adc5b7416066e2ae7') in 0.019824 seconds
  Import took 0.025190 seconds .

========================================================================
Received Import Request.
  Time since last request: 0.499223 seconds.
  path: Assets/AssetPacks/ToonyTinyPeople/TT_RTS/TT_RTS_Standard/prefabs/banners/TT_Banner_Orange.prefab
  artifactKey: Guid(170f805d10c58294480f639bc1fddf8b) Importer(815301076,1909f56bfc062723c751e8b465ee728b)
Start importing Assets/AssetPacks/ToonyTinyPeople/TT_RTS/TT_RTS_Standard/prefabs/banners/TT_Banner_Orange.prefab using Guid(170f805d10c58294480f639bc1fddf8b) Importer(815301076,1909f56bfc062723c751e8b465ee728b)  -> (artifact id: '3e4099623adeb4262dbd6d9334f9d122') in 0.015612 seconds
  Import took 0.020885 seconds .

AssetImportWorkerClient::OnTransportError - code=2 error=End of file
